
  .   ____          _            __ _ _
 /\\ / ___'_ __ _ _(_)_ __  __ _ \ \ \ \
( ( )\___ | '_ | '_| | '_ \/ _` | \ \ \ \
 \\/  ___)| |_)| | | | | || (_| |  ) ) ) )
  '  |____| .__|_| |_|_| |_\__, | / / / /
 =========|_|==============|___/=/_/_/_/
 :: Spring Boot ::                (v3.2.0)

2026-03-30T19:41:26.315+08:00  INFO 3824808 --- [luoshen-admin] [           main] i.luoshen.admin.LuoshenAdminApplication  : Starting LuoshenAdminApplication using Java 17.0.18 with PID 3824808 (/root/.openclaw/workspace/luoshen-demo/luoshen-admin/target/luoshen-admin-1.0.0-SNAPSHOT.jar started by root in /root/.openclaw/workspace/luoshen-demo)
2026-03-30T19:41:26.321+08:00 DEBUG 3824808 --- [luoshen-admin] [           main] i.luoshen.admin.LuoshenAdminApplication  : Running with Spring Boot v3.2.0, Spring v6.1.1
2026-03-30T19:41:26.324+08:00  INFO 3824808 --- [luoshen-admin] [           main] i.luoshen.admin.LuoshenAdminApplication  : No active profile set, falling back to 1 default profile: "default"
2026-03-30T19:41:28.579+08:00  INFO 3824808 --- [luoshen-admin] [           main] .s.d.r.c.RepositoryConfigurationDelegate : Bootstrapping Spring Data JPA repositories in DEFAULT mode.
2026-03-30T19:41:28.796+08:00  INFO 3824808 --- [luoshen-admin] [           main] .s.d.r.c.RepositoryConfigurationDelegate : Finished Spring Data repository scanning in 195 ms. Found 5 JPA repository interfaces.
2026-03-30T19:41:29.700+08:00  INFO 3824808 --- [luoshen-admin] [           main] o.s.b.w.embedded.tomcat.TomcatWebServer  : Tomcat initialized with port 9090 (http)
2026-03-30T19:41:29.714+08:00  INFO 3824808 --- [luoshen-admin] [           main] o.apache.catalina.core.StandardService   : Starting service [Tomcat]
2026-03-30T19:41:29.715+08:00  INFO 3824808 --- [luoshen-admin] [           main] o.apache.catalina.core.StandardEngine    : Starting Servlet engine: [Apache Tomcat/10.1.16]
2026-03-30T19:41:29.768+08:00  INFO 3824808 --- [luoshen-admin] [           main] o.a.c.c.C.[Tomcat].[localhost].[/]       : Initializing Spring embedded WebApplicationContext
2026-03-30T19:41:29.769+08:00  INFO 3824808 --- [luoshen-admin] [           main] w.s.c.ServletWebServerApplicationContext : Root WebApplicationContext: initialization completed in 3313 ms
2026-03-30T19:41:29.823+08:00  INFO 3824808 --- [luoshen-admin] [           main] com.zaxxer.hikari.HikariDataSource       : HikariPool-1 - Starting...
2026-03-30T19:41:30.236+08:00  INFO 3824808 --- [luoshen-admin] [           main] com.zaxxer.hikari.pool.HikariPool        : HikariPool-1 - Added connection conn0: url=jdbc:h2:file:./data/luoshen-admin user=SA
2026-03-30T19:41:30.239+08:00  INFO 3824808 --- [luoshen-admin] [           main] com.zaxxer.hikari.HikariDataSource       : HikariPool-1 - Start completed.
2026-03-30T19:41:30.253+08:00  INFO 3824808 --- [luoshen-admin] [           main] o.s.b.a.h2.H2ConsoleAutoConfiguration    : H2 console available at '/h2-console'. Database available at 'jdbc:h2:file:./data/luoshen-admin'
2026-03-30T19:41:30.415+08:00  INFO 3824808 --- [luoshen-admin] [           main] o.hibernate.jpa.internal.util.LogHelper  : HHH000204: Processing PersistenceUnitInfo [name: default]
2026-03-30T19:41:30.505+08:00  INFO 3824808 --- [luoshen-admin] [           main] org.hibernate.Version                    : HHH000412: Hibernate ORM core version 6.3.1.Final
2026-03-30T19:41:30.555+08:00  INFO 3824808 --- [luoshen-admin] [           main] o.h.c.internal.RegionFactoryInitiator    : HHH000026: Second-level cache disabled
2026-03-30T19:41:30.895+08:00  INFO 3824808 --- [luoshen-admin] [           main] o.s.o.j.p.SpringPersistenceUnitInfo      : No LoadTimeWeaver setup: ignoring JPA class transformer
2026-03-30T19:41:32.338+08:00  INFO 3824808 --- [luoshen-admin] [           main] o.h.e.t.j.p.i.JtaPlatformInitiator       : HHH000489: No JTA platform available (set 'hibernate.transaction.jta.platform' to enable JTA platform integration)
2026-03-30T19:41:32.430+08:00  INFO 3824808 --- [luoshen-admin] [           main] j.LocalContainerEntityManagerFactoryBean : Initialized JPA EntityManagerFactory for persistence unit 'default'
2026-03-30T19:41:32.953+08:00  WARN 3824808 --- [luoshen-admin] [           main] ConfigServletWebServerApplicationContext : Exception encountered during context initialization - cancelling refresh attempt: org.springframework.beans.factory.BeanCreationException: Error creating bean with name 'skillDynamicService' defined in URL [jar:nested:/root/.openclaw/workspace/luoshen-demo/luoshen-admin/target/luoshen-admin-1.0.0-SNAPSHOT.jar/!BOOT-INF/classes/!/io/luoshen/admin/service/SkillDynamicService.class]: Failed to instantiate [io.luoshen.admin.service.SkillDynamicService]: Constructor threw exception
2026-03-30T19:41:32.954+08:00  INFO 3824808 --- [luoshen-admin] [           main] j.LocalContainerEntityManagerFactoryBean : Closing JPA EntityManagerFactory for persistence unit 'default'
2026-03-30T19:41:32.958+08:00  INFO 3824808 --- [luoshen-admin] [           main] com.zaxxer.hikari.HikariDataSource       : HikariPool-1 - Shutdown initiated...
2026-03-30T19:41:32.969+08:00  INFO 3824808 --- [luoshen-admin] [           main] com.zaxxer.hikari.HikariDataSource       : HikariPool-1 - Shutdown completed.
2026-03-30T19:41:32.971+08:00  INFO 3824808 --- [luoshen-admin] [           main] o.apache.catalina.core.StandardService   : Stopping service [Tomcat]
2026-03-30T19:41:32.988+08:00  INFO 3824808 --- [luoshen-admin] [           main] .s.b.a.l.ConditionEvaluationReportLogger : 

Error starting ApplicationContext. To display the condition evaluation report re-run your application with 'debug' enabled.
2026-03-30T19:41:33.013+08:00 ERROR 3824808 --- [luoshen-admin] [           main] o.s.boot.SpringApplication               : Application run failed

org.springframework.beans.factory.BeanCreationException: Error creating bean with name 'skillDynamicService' defined in URL [jar:nested:/root/.openclaw/workspace/luoshen-demo/luoshen-admin/target/luoshen-admin-1.0.0-SNAPSHOT.jar/!BOOT-INF/classes/!/io/luoshen/admin/service/SkillDynamicService.class]: Failed to instantiate [io.luoshen.admin.service.SkillDynamicService]: Constructor threw exception
	at org.springframework.beans.factory.support.ConstructorResolver.instantiate(ConstructorResolver.java:322) ~[spring-beans-6.1.1.jar!/:6.1.1]
	at org.springframework.beans.factory.support.ConstructorResolver.autowireConstructor(ConstructorResolver.java:310) ~[spring-beans-6.1.1.jar!/:6.1.1]
	at org.springframework.beans.factory.support.AbstractAutowireCapableBeanFactory.autowireConstructor(AbstractAutowireCapableBeanFactory.java:1356) ~[spring-beans-6.1.1.jar!/:6.1.1]
	at org.springframework.beans.factory.support.AbstractAutowireCapableBeanFactory.createBeanInstance(AbstractAutowireCapableBeanFactory.java:1193) ~[spring-beans-6.1.1.jar!/:6.1.1]
	at org.springframework.beans.factory.support.AbstractAutowireCapableBeanFactory.doCreateBean(AbstractAutowireCapableBeanFactory.java:563) ~[spring-beans-6.1.1.jar!/:6.1.1]
	at org.springframework.beans.factory.support.AbstractAutowireCapableBeanFactory.createBean(AbstractAutowireCapableBeanFactory.java:523) ~[spring-beans-6.1.1.jar!/:6.1.1]
	at org.springframework.beans.factory.support.AbstractBeanFactory.lambda$doGetBean$0(AbstractBeanFactory.java:325) ~[spring-beans-6.1.1.jar!/:6.1.1]
	at org.springframework.beans.factory.support.DefaultSingletonBeanRegistry.getSingleton(DefaultSingletonBeanRegistry.java:234) ~[spring-beans-6.1.1.jar!/:6.1.1]
	at org.springframework.beans.factory.support.AbstractBeanFactory.doGetBean(AbstractBeanFactory.java:323) ~[spring-beans-6.1.1.jar!/:6.1.1]
	at org.springframework.beans.factory.support.AbstractBeanFactory.getBean(AbstractBeanFactory.java:199) ~[spring-beans-6.1.1.jar!/:6.1.1]
	at org.springframework.beans.factory.support.DefaultListableBeanFactory.preInstantiateSingletons(DefaultListableBeanFactory.java:973) ~[spring-beans-6.1.1.jar!/:6.1.1]
	at org.springframework.context.support.AbstractApplicationContext.finishBeanFactoryInitialization(AbstractApplicationContext.java:946) ~[spring-context-6.1.1.jar!/:6.1.1]
	at org.springframework.context.support.AbstractApplicationContext.refresh(AbstractApplicationContext.java:616) ~[spring-context-6.1.1.jar!/:6.1.1]
	at org.springframework.boot.web.servlet.context.ServletWebServerApplicationContext.refresh(ServletWebServerApplicationContext.java:146) ~[spring-boot-3.2.0.jar!/:3.2.0]
	at org.springframework.boot.SpringApplication.refresh(SpringApplication.java:753) ~[spring-boot-3.2.0.jar!/:3.2.0]
	at org.springframework.boot.SpringApplication.refreshContext(SpringApplication.java:455) ~[spring-boot-3.2.0.jar!/:3.2.0]
	at org.springframework.boot.SpringApplication.run(SpringApplication.java:323) ~[spring-boot-3.2.0.jar!/:3.2.0]
	at org.springframework.boot.SpringApplication.run(SpringApplication.java:1342) ~[spring-boot-3.2.0.jar!/:3.2.0]
	at org.springframework.boot.SpringApplication.run(SpringApplication.java:1331) ~[spring-boot-3.2.0.jar!/:3.2.0]
	at io.luoshen.admin.LuoshenAdminApplication.main(LuoshenAdminApplication.java:27) ~[!/:na]
	at java.base/jdk.internal.reflect.NativeMethodAccessorImpl.invoke0(Native Method) ~[na:na]
	at java.base/jdk.internal.reflect.NativeMethodAccessorImpl.invoke(NativeMethodAccessorImpl.java:77) ~[na:na]
	at java.base/jdk.internal.reflect.DelegatingMethodAccessorImpl.invoke(DelegatingMethodAccessorImpl.java:43) ~[na:na]
	at java.base/java.lang.reflect.Method.invoke(Method.java:569) ~[na:na]
	at org.springframework.boot.loader.launch.Launcher.launch(Launcher.java:91) ~[luoshen-admin-1.0.0-SNAPSHOT.jar:na]
	at org.springframework.boot.loader.launch.Launcher.launch(Launcher.java:53) ~[luoshen-admin-1.0.0-SNAPSHOT.jar:na]
	at org.springframework.boot.loader.launch.JarLauncher.main(JarLauncher.java:58) ~[luoshen-admin-1.0.0-SNAPSHOT.jar:na]
Caused by: org.springframework.beans.BeanInstantiationException: Failed to instantiate [io.luoshen.admin.service.SkillDynamicService]: Constructor threw exception
	at org.springframework.beans.BeanUtils.instantiateClass(BeanUtils.java:223) ~[spring-beans-6.1.1.jar!/:6.1.1]
	at org.springframework.beans.factory.support.SimpleInstantiationStrategy.instantiate(SimpleInstantiationStrategy.java:111) ~[spring-beans-6.1.1.jar!/:6.1.1]
	at org.springframework.beans.factory.support.ConstructorResolver.instantiate(ConstructorResolver.java:319) ~[spring-beans-6.1.1.jar!/:6.1.1]
	... 26 common frames omitted
Caused by: java.lang.IllegalArgumentException: Base directory does not exist: /root/.luoshen/skills
	at io.agentscope.core.skill.repository.FileSystemSkillRepository.<init>(FileSystemSkillRepository.java:95) ~[agentscope-core-1.0.11-SNAPSHOT.jar!/:na]
	at io.agentscope.core.skill.repository.FileSystemSkillRepository.<init>(FileSystemSkillRepository.java:71) ~[agentscope-core-1.0.11-SNAPSHOT.jar!/:na]
	at io.luoshen.admin.service.SkillDynamicService.<init>(SkillDynamicService.java:46) ~[!/:na]
	at java.base/jdk.internal.reflect.NativeConstructorAccessorImpl.newInstance0(Native Method) ~[na:na]
	at java.base/jdk.internal.reflect.NativeConstructorAccessorImpl.newInstance(NativeConstructorAccessorImpl.java:77) ~[na:na]
	at java.base/jdk.internal.reflect.DelegatingConstructorAccessorImpl.newInstance(DelegatingConstructorAccessorImpl.java:45) ~[na:na]
	at java.base/java.lang.reflect.Constructor.newInstanceWithCaller(Constructor.java:500) ~[na:na]
	at java.base/java.lang.reflect.Constructor.newInstance(Constructor.java:481) ~[na:na]
	at org.springframework.beans.BeanUtils.instantiateClass(BeanUtils.java:210) ~[spring-beans-6.1.1.jar!/:6.1.1]
	... 28 common frames omitted

