[Fri Mar 27 09:47:51 AM CST 2026] Daily push sent
========================================
📅 每日推送 - 2026-03-27 Friday
========================================

🔥 GitHub 今日热门项目
----------------------------------------
• codecrafters-io/build-your-own-x (483734⭐)
  Master programming by recreating your favorite technologies from scratch.
  🔗 https://github.com/codecrafters-io/build-your-own-x

• sindresorhus/awesome (449165⭐)
  😎 Awesome lists about all kinds of interesting topics
  🔗 https://github.com/sindresorhus/awesome

• freeCodeCamp/freeCodeCamp (438873⭐)
  freeCodeCamp.org's open-source codebase and curriculum. Learn math, programming, and computer science for free.
  🔗 https://github.com/freeCodeCamp/freeCodeCamp

• public-apis/public-apis (416496⭐)
  A collective list of free APIs
  🔗 https://github.com/public-apis/public-apis

• EbookFoundation/free-programming-books (384622⭐)
  :books: Freely available programming books
  🔗 https://github.com/EbookFoundation/free-programming-books


🎮 百度贴吧 - 忍龙热门帖子
----------------------------------------
正在尝试备用方案...

📺 B站 - 忍龙热门视频
----------------------------------------
B站获取失败

========================================
🤖 由绫音自动推送 | 09:47:48
========================================

